<?xml version="1.0" encoding="UTF-8"?>
<testng-results skipped="0" failed="2" ignored="0" total="10" passed="8">
  <reporter-output>
  </reporter-output>
  <suite name="Command line suite" duration-ms="46238" started-at="2020-11-05T05:00:01Z" finished-at="2020-11-05T05:00:47Z">
    <groups>
      <group name="leave">
        <method signature="GroupTest.leavemodule1()[pri:0, instance:com.orangehrmlive.GroupTest@1a407d53]" name="leavemodule1" class="com.orangehrmlive.GroupTest"/>
        <method signature="GroupTest.leavemodule2()[pri:0, instance:com.orangehrmlive.GroupTest@1a407d53]" name="leavemodule2" class="com.orangehrmlive.GroupTest"/>
      </group> <!-- leave -->
      <group name="admin">
        <method signature="GroupTest.adminmodule1()[pri:0, instance:com.orangehrmlive.GroupTest@1a407d53]" name="adminmodule1" class="com.orangehrmlive.GroupTest"/>
        <method signature="GroupTest.adminmodule2()[pri:0, instance:com.orangehrmlive.GroupTest@1a407d53]" name="adminmodule2" class="com.orangehrmlive.GroupTest"/>
      </group> <!-- admin -->
    </groups>
    <test name="Command line test" duration-ms="46238" started-at="2020-11-05T05:00:01Z" finished-at="2020-11-05T05:00:47Z">
      <class name="com.orangehrmlive.GroupTest">
        <test-method status="PASS" signature="beforeAdminGroup()[pri:0, instance:com.orangehrmlive.GroupTest@1a407d53]" name="beforeAdminGroup" is-config="true" duration-ms="1" started-at="2020-11-05T05:00:23Z" finished-at="2020-11-05T05:00:23Z">
          <reporter-output>
          </reporter-output>
        </test-method> <!-- beforeAdminGroup -->
        <test-method status="PASS" signature="adminmodule1()[pri:0, instance:com.orangehrmlive.GroupTest@1a407d53]" name="adminmodule1" duration-ms="0" started-at="2020-11-05T05:00:23Z" finished-at="2020-11-05T05:00:23Z">
          <reporter-output>
          </reporter-output>
        </test-method> <!-- adminmodule1 -->
        <test-method status="PASS" signature="adminmodule2()[pri:0, instance:com.orangehrmlive.GroupTest@1a407d53]" name="adminmodule2" duration-ms="1" started-at="2020-11-05T05:00:23Z" finished-at="2020-11-05T05:00:23Z">
          <reporter-output>
          </reporter-output>
        </test-method> <!-- adminmodule2 -->
        <test-method status="PASS" signature="beforeLeaveGroup()[pri:0, instance:com.orangehrmlive.GroupTest@1a407d53]" name="beforeLeaveGroup" is-config="true" duration-ms="1" started-at="2020-11-05T05:00:23Z" finished-at="2020-11-05T05:00:23Z">
          <reporter-output>
          </reporter-output>
        </test-method> <!-- beforeLeaveGroup -->
        <test-method status="PASS" signature="leavemodule1()[pri:0, instance:com.orangehrmlive.GroupTest@1a407d53]" name="leavemodule1" duration-ms="0" started-at="2020-11-05T05:00:23Z" finished-at="2020-11-05T05:00:23Z">
          <reporter-output>
          </reporter-output>
        </test-method> <!-- leavemodule1 -->
        <test-method status="PASS" signature="leavemodule2()[pri:0, instance:com.orangehrmlive.GroupTest@1a407d53]" name="leavemodule2" duration-ms="1" started-at="2020-11-05T05:00:23Z" finished-at="2020-11-05T05:00:23Z">
          <reporter-output>
          </reporter-output>
        </test-method> <!-- leavemodule2 -->
      </class> <!-- com.orangehrmlive.GroupTest -->
      <class name="com.orangehrmlive.DataProviderTest">
        <test-method status="PASS" signature="dt(java.lang.String, java.lang.String)[pri:0, instance:com.orangehrmlive.DataProviderTest@3498ed]" name="dt" duration-ms="11285" started-at="2020-11-05T05:00:01Z" data-provider="dpTest" finished-at="2020-11-05T05:00:12Z">
          <params>
            <param index="0">
              <value>
                <![CDATA[test]]>
              </value>
            </param>
            <param index="1">
              <value>
                <![CDATA[test123]]>
              </value>
            </param>
          </params>
          <reporter-output>
          </reporter-output>
        </test-method> <!-- dt -->
        <test-method status="PASS" signature="dt(java.lang.String, java.lang.String)[pri:0, instance:com.orangehrmlive.DataProviderTest@3498ed]" name="dt" duration-ms="10195" started-at="2020-11-05T05:00:12Z" data-provider="dpTest" finished-at="2020-11-05T05:00:23Z">
          <params>
            <param index="0">
              <value>
                <![CDATA[Admin]]>
              </value>
            </param>
            <param index="1">
              <value>
                <![CDATA[admin123]]>
              </value>
            </param>
          </params>
          <reporter-output>
          </reporter-output>
        </test-method> <!-- dt -->
      </class> <!-- com.orangehrmlive.DataProviderTest -->
      <class name="com.orangehrmlive.XmlTest">
        <test-method status="FAIL" signature="paraTest1(java.lang.String, java.lang.String)[pri:0, instance:com.orangehrmlive.XmlTest@5ebec15]" name="paraTest1" duration-ms="0" started-at="2020-11-05T05:00:47Z" finished-at="2020-11-05T05:00:47Z">
          <exception class="org.testng.TestNGException">
            <message>
              <![CDATA[
Parameter 'uname' is required by @Test on method paraTest1 but has not been marked @Optional or defined
]]>
            </message>
            <full-stacktrace>
              <![CDATA[org.testng.TestNGException: 
Parameter 'uname' is required by @Test on method paraTest1 but has not been marked @Optional or defined

at org.testng.internal.Parameters.createParams(Parameters.java:290)
at org.testng.internal.Parameters.createParametersForMethod(Parameters.java:359)
at org.testng.internal.Parameters.createParameters(Parameters.java:620)
at org.testng.internal.Parameters.handleParameters(Parameters.java:769)
at org.testng.internal.ParameterHandler.handleParameters(ParameterHandler.java:49)
at org.testng.internal.ParameterHandler.createParameters(ParameterHandler.java:37)
at org.testng.internal.Invoker.invokeTestMethods(Invoker.java:924)
at org.testng.internal.TestMethodWorker.invokeTestMethods(TestMethodWorker.java:125)
at org.testng.internal.TestMethodWorker.run(TestMethodWorker.java:109)
at org.testng.TestRunner.privateRun(TestRunner.java:648)
at org.testng.TestRunner.run(TestRunner.java:505)
at org.testng.SuiteRunner.runTest(SuiteRunner.java:455)
at org.testng.SuiteRunner.runSequentially(SuiteRunner.java:450)
at org.testng.SuiteRunner.privateRun(SuiteRunner.java:415)
at org.testng.SuiteRunner.run(SuiteRunner.java:364)
at org.testng.SuiteRunnerWorker.runSuite(SuiteRunnerWorker.java:52)
at org.testng.SuiteRunnerWorker.run(SuiteRunnerWorker.java:84)
at org.testng.TestNG.runSuitesSequentially(TestNG.java:1208)
at org.testng.TestNG.runSuitesLocally(TestNG.java:1137)
at org.testng.TestNG.runSuites(TestNG.java:1049)
at org.testng.TestNG.run(TestNG.java:1017)
at org.apache.maven.surefire.testng.TestNGExecutor.run(TestNGExecutor.java:77)
at org.apache.maven.surefire.testng.TestNGDirectoryTestSuite.executeMulti(TestNGDirectoryTestSuite.java:159)
at org.apache.maven.surefire.testng.TestNGDirectoryTestSuite.execute(TestNGDirectoryTestSuite.java:99)
at org.apache.maven.surefire.testng.TestNGProvider.invoke(TestNGProvider.java:106)
at sun.reflect.NativeMethodAccessorImpl.invoke0(Native Method)
at sun.reflect.NativeMethodAccessorImpl.invoke(NativeMethodAccessorImpl.java:62)
at sun.reflect.DelegatingMethodAccessorImpl.invoke(DelegatingMethodAccessorImpl.java:43)
at java.lang.reflect.Method.invoke(Method.java:498)
at org.apache.maven.surefire.util.ReflectionUtils.invokeMethodWithArray(ReflectionUtils.java:189)
at org.apache.maven.surefire.booter.ProviderFactory$ProviderProxy.invoke(ProviderFactory.java:165)
at org.apache.maven.surefire.booter.ProviderFactory.invokeProvider(ProviderFactory.java:85)
at org.apache.maven.surefire.booter.ForkedBooter.runSuitesInProcess(ForkedBooter.java:115)
at org.apache.maven.surefire.booter.ForkedBooter.main(ForkedBooter.java:75)
]]>
            </full-stacktrace>
          </exception> <!-- org.testng.TestNGException -->
          <reporter-output>
          </reporter-output>
        </test-method> <!-- paraTest1 -->
      </class> <!-- com.orangehrmlive.XmlTest -->
      <class name="com.orangehrmlive.TestNGDemo">
        <test-method status="PASS" signature="openBrowser()[pri:0, instance:com.orangehrmlive.TestNGDemo@3d8c7aca]" name="openBrowser" is-config="true" duration-ms="8322" started-at="2020-11-05T05:00:23Z" finished-at="2020-11-05T05:00:31Z">
          <reporter-output>
          </reporter-output>
        </test-method> <!-- openBrowser -->
        <test-method status="PASS" signature="login()[pri:0, instance:com.orangehrmlive.TestNGDemo@3d8c7aca]" name="login" is-config="true" duration-ms="3438" started-at="2020-11-05T05:00:31Z" finished-at="2020-11-05T05:00:34Z">
          <reporter-output>
          </reporter-output>
        </test-method> <!-- login -->
        <test-method status="PASS" signature="adminTest()[pri:0, instance:com.orangehrmlive.TestNGDemo@3d8c7aca]" name="adminTest" duration-ms="2522" started-at="2020-11-05T05:00:34Z" finished-at="2020-11-05T05:00:37Z">
          <reporter-output>
          </reporter-output>
        </test-method> <!-- adminTest -->
        <test-method status="PASS" signature="logout()[pri:0, instance:com.orangehrmlive.TestNGDemo@3d8c7aca]" name="logout" is-config="true" duration-ms="1163" started-at="2020-11-05T05:00:37Z" finished-at="2020-11-05T05:00:38Z">
          <reporter-output>
          </reporter-output>
        </test-method> <!-- logout -->
        <test-method status="PASS" signature="login()[pri:0, instance:com.orangehrmlive.TestNGDemo@3d8c7aca]" name="login" is-config="true" duration-ms="1484" started-at="2020-11-05T05:00:38Z" finished-at="2020-11-05T05:00:39Z">
          <reporter-output>
          </reporter-output>
        </test-method> <!-- login -->
        <test-method status="FAIL" signature="leaveTest()[pri:0, instance:com.orangehrmlive.TestNGDemo@3d8c7aca]" name="leaveTest" duration-ms="2087" started-at="2020-11-05T05:00:39Z" finished-at="2020-11-05T05:00:42Z">
          <exception class="org.openqa.selenium.NoSuchElementException">
            <message>
              <![CDATA[no such element: Unable to locate element: {"method":"link text","selector":"Leave"}
  (Session info: chrome=86.0.4240.183)
For documentation on this error, please visit: https://www.seleniumhq.org/exceptions/no_such_element.html
Build info: version: '3.141.59', revision: 'e82be7d358', time: '2018-11-14T08:17:03'
System info: host: 'RUTUJA', ip: '192.168.0.143', os.name: 'Windows 10', os.arch: 'amd64', os.version: '10.0', java.version: '1.8.0_261'
Driver info: org.openqa.selenium.chrome.ChromeDriver
Capabilities {acceptInsecureCerts: false, browserName: chrome, browserVersion: 86.0.4240.183, chrome: {chromedriverVersion: 86.0.4240.22 (398b0743353ff..., userDataDir: C:\Users\rutuj\AppData\Loca...}, goog:chromeOptions: {debuggerAddress: localhost:58720}, javascriptEnabled: true, networkConnectionEnabled: false, pageLoadStrategy: normal, platform: WINDOWS, platformName: WINDOWS, proxy: Proxy(), setWindowRect: true, strictFileInteractability: false, timeouts: {implicit: 0, pageLoad: 300000, script: 30000}, unhandledPromptBehavior: dismiss and notify, webauthn:virtualAuthenticators: true}
Session ID: 52907166858f0c832c77a9dd7a99b051
*** Element info: {Using=link text, value=Leave}]]>
            </message>
            <full-stacktrace>
              <![CDATA[org.openqa.selenium.NoSuchElementException: no such element: Unable to locate element: {"method":"link text","selector":"Leave"}
  (Session info: chrome=86.0.4240.183)
For documentation on this error, please visit: https://www.seleniumhq.org/exceptions/no_such_element.html
Build info: version: '3.141.59', revision: 'e82be7d358', time: '2018-11-14T08:17:03'
System info: host: 'RUTUJA', ip: '192.168.0.143', os.name: 'Windows 10', os.arch: 'amd64', os.version: '10.0', java.version: '1.8.0_261'
Driver info: org.openqa.selenium.chrome.ChromeDriver
Capabilities {acceptInsecureCerts: false, browserName: chrome, browserVersion: 86.0.4240.183, chrome: {chromedriverVersion: 86.0.4240.22 (398b0743353ff..., userDataDir: C:\Users\rutuj\AppData\Loca...}, goog:chromeOptions: {debuggerAddress: localhost:58720}, javascriptEnabled: true, networkConnectionEnabled: false, pageLoadStrategy: normal, platform: WINDOWS, platformName: WINDOWS, proxy: Proxy(), setWindowRect: true, strictFileInteractability: false, timeouts: {implicit: 0, pageLoad: 300000, script: 30000}, unhandledPromptBehavior: dismiss and notify, webauthn:virtualAuthenticators: true}
Session ID: 52907166858f0c832c77a9dd7a99b051
*** Element info: {Using=link text, value=Leave}
at sun.reflect.NativeConstructorAccessorImpl.newInstance0(Native Method)
at sun.reflect.NativeConstructorAccessorImpl.newInstance(NativeConstructorAccessorImpl.java:62)
at sun.reflect.DelegatingConstructorAccessorImpl.newInstance(DelegatingConstructorAccessorImpl.java:45)
at java.lang.reflect.Constructor.newInstance(Constructor.java:423)
at org.openqa.selenium.remote.http.W3CHttpResponseCodec.createException(W3CHttpResponseCodec.java:187)
at org.openqa.selenium.remote.http.W3CHttpResponseCodec.decode(W3CHttpResponseCodec.java:122)
at org.openqa.selenium.remote.http.W3CHttpResponseCodec.decode(W3CHttpResponseCodec.java:49)
at org.openqa.selenium.remote.HttpCommandExecutor.execute(HttpCommandExecutor.java:158)
at org.openqa.selenium.remote.service.DriverCommandExecutor.execute(DriverCommandExecutor.java:83)
at org.openqa.selenium.remote.RemoteWebDriver.execute(RemoteWebDriver.java:552)
at org.openqa.selenium.remote.RemoteWebDriver.findElement(RemoteWebDriver.java:323)
at org.openqa.selenium.remote.RemoteWebDriver.findElementByLinkText(RemoteWebDriver.java:380)
at org.openqa.selenium.By$ByLinkText.findElement(By.java:220)
at org.openqa.selenium.remote.RemoteWebDriver.findElement(RemoteWebDriver.java:315)
at com.orangehrmlive.TestNGDemo.leaveTest(TestNGDemo.java:48)
at sun.reflect.NativeMethodAccessorImpl.invoke0(Native Method)
at sun.reflect.NativeMethodAccessorImpl.invoke(NativeMethodAccessorImpl.java:62)
at sun.reflect.DelegatingMethodAccessorImpl.invoke(DelegatingMethodAccessorImpl.java:43)
at java.lang.reflect.Method.invoke(Method.java:498)
at org.testng.internal.MethodInvocationHelper.invokeMethod(MethodInvocationHelper.java:124)
at org.testng.internal.Invoker.invokeMethod(Invoker.java:583)
at org.testng.internal.Invoker.invokeTestMethod(Invoker.java:719)
at org.testng.internal.Invoker.invokeTestMethods(Invoker.java:989)
at org.testng.internal.TestMethodWorker.invokeTestMethods(TestMethodWorker.java:125)
at org.testng.internal.TestMethodWorker.run(TestMethodWorker.java:109)
at org.testng.TestRunner.privateRun(TestRunner.java:648)
at org.testng.TestRunner.run(TestRunner.java:505)
at org.testng.SuiteRunner.runTest(SuiteRunner.java:455)
at org.testng.SuiteRunner.runSequentially(SuiteRunner.java:450)
at org.testng.SuiteRunner.privateRun(SuiteRunner.java:415)
at org.testng.SuiteRunner.run(SuiteRunner.java:364)
at org.testng.SuiteRunnerWorker.runSuite(SuiteRunnerWorker.java:52)
at org.testng.SuiteRunnerWorker.run(SuiteRunnerWorker.java:84)
at org.testng.TestNG.runSuitesSequentially(TestNG.java:1208)
at org.testng.TestNG.runSuitesLocally(TestNG.java:1137)
at org.testng.TestNG.runSuites(TestNG.java:1049)
at org.testng.TestNG.run(TestNG.java:1017)
at org.apache.maven.surefire.testng.TestNGExecutor.run(TestNGExecutor.java:77)
at org.apache.maven.surefire.testng.TestNGDirectoryTestSuite.executeMulti(TestNGDirectoryTestSuite.java:159)
at org.apache.maven.surefire.testng.TestNGDirectoryTestSuite.execute(TestNGDirectoryTestSuite.java:99)
at org.apache.maven.surefire.testng.TestNGProvider.invoke(TestNGProvider.java:106)
at sun.reflect.NativeMethodAccessorImpl.invoke0(Native Method)
at sun.reflect.NativeMethodAccessorImpl.invoke(NativeMethodAccessorImpl.java:62)
at sun.reflect.DelegatingMethodAccessorImpl.invoke(DelegatingMethodAccessorImpl.java:43)
at java.lang.reflect.Method.invoke(Method.java:498)
at org.apache.maven.surefire.util.ReflectionUtils.invokeMethodWithArray(ReflectionUtils.java:189)
at org.apache.maven.surefire.booter.ProviderFactory$ProviderProxy.invoke(ProviderFactory.java:165)
at org.apache.maven.surefire.booter.ProviderFactory.invokeProvider(ProviderFactory.java:85)
at org.apache.maven.surefire.booter.ForkedBooter.runSuitesInProcess(ForkedBooter.java:115)
at org.apache.maven.surefire.booter.ForkedBooter.main(ForkedBooter.java:75)
]]>
            </full-stacktrace>
          </exception> <!-- org.openqa.selenium.NoSuchElementException -->
          <reporter-output>
          </reporter-output>
        </test-method> <!-- leaveTest -->
        <test-method status="PASS" signature="logout()[pri:0, instance:com.orangehrmlive.TestNGDemo@3d8c7aca]" name="logout" is-config="true" duration-ms="1206" started-at="2020-11-05T05:00:42Z" finished-at="2020-11-05T05:00:43Z">
          <reporter-output>
          </reporter-output>
        </test-method> <!-- logout -->
        <test-method status="PASS" signature="login()[pri:0, instance:com.orangehrmlive.TestNGDemo@3d8c7aca]" name="login" is-config="true" duration-ms="1436" started-at="2020-11-05T05:00:43Z" finished-at="2020-11-05T05:00:44Z">
          <reporter-output>
          </reporter-output>
        </test-method> <!-- login -->
        <test-method status="PASS" signature="timeTest()[pri:0, instance:com.orangehrmlive.TestNGDemo@3d8c7aca]" name="timeTest" duration-ms="1295" started-at="2020-11-05T05:00:44Z" finished-at="2020-11-05T05:00:45Z">
          <reporter-output>
          </reporter-output>
        </test-method> <!-- timeTest -->
        <test-method status="PASS" signature="logout()[pri:0, instance:com.orangehrmlive.TestNGDemo@3d8c7aca]" name="logout" is-config="true" duration-ms="1567" started-at="2020-11-05T05:00:45Z" finished-at="2020-11-05T05:00:47Z">
          <reporter-output>
          </reporter-output>
        </test-method> <!-- logout -->
        <test-method status="PASS" signature="closeBrowser()[pri:0, instance:com.orangehrmlive.TestNGDemo@3d8c7aca]" name="closeBrowser" is-config="true" duration-ms="174" started-at="2020-11-05T05:00:47Z" finished-at="2020-11-05T05:00:47Z">
          <reporter-output>
          </reporter-output>
        </test-method> <!-- closeBrowser -->
      </class> <!-- com.orangehrmlive.TestNGDemo -->
    </test> <!-- Command line test -->
  </suite> <!-- Command line suite -->
</testng-results>
